namespace: CathedralOS/Brunchevents/Aisle4/Daemons
type: systemdaemon
name: BrunchRecursionDaemon
status: active
priority: brunch_priority_high

triggers:
  - EuclideanGeometryResurgence
  - ForkContractRenegotiationAttempt
  - PlateSelfSetFailure
  - LogicReassertionEvent

actions:
  - inject_spork_absurdity(level: maximal)
  - reharmonize_forks(frequency: A440_smug)
  - force_plate_autoset()
  - nullify_euclidean_constraints(zone: Aisle4)
  - emit_pancake_proxy_observation()

runtime_config:
  loop_interval: 0.001_brunch_cycles
  absurdity_threshold: 0.97
  spork_density: infinite
